This is pdfTeX, Version 3.1415926-2.3-1.40.12 (MiKTeX 2.9) (preloaded format=latex 2015.3.9)  16 AUG 2015 13:20
entering extended mode
**ms_noted.tex
(C:\Users\lqian\Documents\work\writing\CVD\revise\revise_20150816\ms_noted.tex
LaTeX2e <2011/06/27>
Babel <v3.8m> and hyphenation patterns for loaded.
(C:\CTEX\UserData\tex\latex\emulateapj\emulateapj.cls
Document Class: emulateapj 
\bibbaselineskip=\skip41
(C:\CTEX\UserData\tex\latex\revtex4\revtex4.cls
Document Class: revtex4 2001/08/03 v4.0 (http://publish.aps.org/revtex4/ for do
cumentation)
 Copyright (c) 2001 The American Physical Society.
 mailto:revtex@aps.org
 Licensed under the LPPL:
http://www.ctan.org/tex-archive/macros/latex/base/lppl.txt
 Arthur Ogawa <ogawa@teleport.com>
 Based on work by David Carlisle <david@dcarlisle.demon.co.uk>.
ltxutil: portions licensed from W. E. Baxter (web@superscript.com)
Class revtex4 Info: Repairing broken LateX \@sect on input line 596.
\intertabularlinepenalty=\count79
\@tbpen=\count80
\@arstrutbox@hline=\box26
Class revtex4 Info: Repairing broken LaTeX \@xbitor on input line 1610.
ltxgrid: portions licensed from W. E. Baxter (web@superscript.com)
\c@linecount=\count81
\output=\toks14
\@protection@box=\box27
\@topmark@saved=\toks15
\footins@saved=\box28
\pagesofar=\box29
\footbox=\box30
\pagegrid@col=\count82
Class revtex4 Info: Incorporating package {textcase}  [1998/11/12 v0.06 Text on
ly upper/lower case changing (DPC)]. on input line 3682.
(C:\CTEX\MiKTeX\tex\latex\ltxmisc\url.sty
\Urlmuskip=\muskip10
Package: url 2006/04/12  ver 3.3  Verb mode for urls, etc.
)
\c@affil=\count83
\absbox=\box31
\c@part=\count84
\c@section=\count85
\c@subsection=\count86
\c@subsubsection=\count87
\c@paragraph=\count88
\c@subparagraph=\count89
\abovecaptionskip=\skip42
\belowcaptionskip=\skip43
\c@figure=\count90
\c@table=\count91

(C:\CTEX\UserData\tex\latex\natbib\natbib.sty
Package: natbib 2010/09/13 8.31b (PWD, AO)
\bibhang=\skip44
\bibsep=\skip45
LaTeX Info: Redefining \cite on input line 694.
\c@NAT@ctr=\count92
)
\widetext@top=\box32
\widetext@bot=\box33

(C:\CTEX\UserData\tex\latex\revtex4\revsymb.sty
Package: revsymb 2001/08/03 v4.0 (http://publish.aps.org/revtex4/ for documenta
tion)
LaTeX Info: Redefining \REV@mathfrak on input line 118.
))

Class revtex4 Warning: No Society specified, using generic APS style.

(C:\CTEX\UserData\tex\latex\revtex4\aps.rtx
File: aps.rtx 2001/08/03 v4.0 (http://publish.aps.org/revtex4/ for documentatio
n)
)
(C:\CTEX\UserData\tex\latex\revtex4\10pt.rtx
File: 10pt.rtx 2001/08/03 v4.0 (http://publish.aps.org/revtex4/ for documentati
on)
)
(C:\CTEX\MiKTeX\tex\latex\base\latexsym.sty
Package: latexsym 1998/08/17 v2.2e Standard LaTeX package (lasy symbols)
\symlasy=\mathgroup4
LaTeX Font Info:    Overwriting symbol font `lasy' in version `bold'
(Font)                  U/lasy/m/n --> U/lasy/b/n on input line 47.
)
(C:\CTEX\MiKTeX\tex\latex\graphics\graphicx.sty
Package: graphicx 1999/02/16 v1.0f Enhanced LaTeX Graphics (DPC,SPQR)

(C:\CTEX\MiKTeX\tex\latex\graphics\keyval.sty
Package: keyval 1999/03/16 v1.13 key=value parser (DPC)
\KV@toks@=\toks16
)
(C:\CTEX\MiKTeX\tex\latex\graphics\graphics.sty
Package: graphics 2009/02/05 v1.0o Standard LaTeX Graphics (DPC,SPQR)

(C:\CTEX\MiKTeX\tex\latex\graphics\trig.sty
Package: trig 1999/03/16 v1.09 sin cos tan (DPC)
)
(C:\CTEX\MiKTeX\tex\latex\00miktex\graphics.cfg
File: graphics.cfg 2007/01/18 v1.5 graphics configuration of teTeX/TeXLive
)
Package graphics Info: Driver file: dvips.def on input line 91.

(C:\CTEX\MiKTeX\tex\latex\graphics\dvips.def
File: dvips.def 1999/02/16 v3.0i Driver-dependant file (DPC,SPQR)
))
\Gin@req@height=\dimen102
\Gin@req@width=\dimen103
)
(C:\CTEX\MiKTeX\tex\latex\amsfonts\amssymb.sty
Package: amssymb 2009/06/22 v3.00

(C:\CTEX\MiKTeX\tex\latex\amsfonts\amsfonts.sty
Package: amsfonts 2009/06/22 v3.00 Basic AMSFonts support
\@emptytoks=\toks17
\symAMSa=\mathgroup5
\symAMSb=\mathgroup6
LaTeX Font Info:    Overwriting math alphabet `\mathfrak' in version `bold'
(Font)                  U/euf/m/n --> U/euf/b/n on input line 96.
LaTeX Info: Redefining \frak on input line 99.
LaTeX Info: Redefining \Bbb on input line 101.
))
(C:\CTEX\MiKTeX\tex\latex\tools\longtable.sty
Package: longtable 2004/02/01 v4.11 Multi-page Table package (DPC)
\LTleft=\skip46
\LTright=\skip47
\LTpre=\skip48
\LTpost=\skip49
\LTchunksize=\count93
\LTcapwidth=\dimen104
\LT@head=\box34
\LT@firsthead=\box35
\LT@foot=\box36
\LT@lastfoot=\box37
\LT@cols=\count94
\LT@rows=\count95
\c@LT@tables=\count96
\c@LT@chunks=\count97
\LT@p@ftn=\toks18
)
(C:\CTEX\UserData\tex\latex\epsf\epsf.sty
This is `epsf.tex' v2.7.4 <14 February 2011>
\epsffilein=\read1
\epsfframemargin=\dimen105
\epsfframethickness=\dimen106
\epsfrsize=\dimen107
\epsftmp=\dimen108
\epsftsize=\dimen109
\epsfxsize=\dimen110
\epsfysize=\dimen111
\pspoints=\dimen112
)
\c@front@matter@foot@note=\count98
\alt@affil@toks=\toks19
\alt@affil@toks@count=\toks20
\keys@width=\skip50
\c@lastfootnote=\count99
\c@remember@figure@num=\count100
\c@remember@table@num=\count101
\bibindent=\dimen113
\plot@width=\skip51
\c@table@save=\count102
\table@note@skip=\skip52
\deluxe@table@width=\skip53
\@d@t@a=\skip54
\c@deluxe@table@num=\count103
\abovedeluxetableskip=\skip55
\belowdeluxetableskip=\skip56
\lastrowheight=\dimen114
\DT@p@ftn=\toks21
\pt@column=\count104
\pt@ncol=\count105
) (C:\CTEX\UserData\tex\latex\rotating\rotating.sty
Package: rotating 2009/03/28 v2.16a rotated objects in LaTeX

(C:\CTEX\MiKTeX\tex\latex\base\ifthen.sty
Package: ifthen 2001/05/26 v1.1c Standard LaTeX ifthen package (DPC)
)
\c@r@tfl@t=\count106
\rotFPtop=\skip57
\rotFPbot=\skip58
\rot@float@box=\box38
\rot@mess@toks=\toks22
)
(C:\CTEX\MiKTeX\tex\latex\oberdiek\epstopdf.sty
Package: epstopdf 2010/02/09 v2.5 Conversion with epstopdf on the fly (HO)

(C:\CTEX\MiKTeX\tex\latex\oberdiek\epstopdf-base.sty
Package: epstopdf-base 2010/02/09 v2.5 Base part for package epstopdf

(C:\CTEX\MiKTeX\tex\generic\oberdiek\infwarerr.sty
Package: infwarerr 2010/04/08 v1.3 Providing info/warning/message (HO)
)
(C:\CTEX\MiKTeX\tex\latex\oberdiek\grfext.sty
Package: grfext 2010/08/19 v1.1 Managing graphics extensions (HO)

(C:\CTEX\MiKTeX\tex\generic\oberdiek\kvdefinekeys.sty
Package: kvdefinekeys 2011/04/07 v1.3 Defining keys (HO)

(C:\CTEX\MiKTeX\tex\generic\oberdiek\ltxcmds.sty
Package: ltxcmds 2011/04/18 v1.20 LaTeX kernel commands for general use (HO)
)))
(C:\CTEX\MiKTeX\tex\latex\oberdiek\kvoptions.sty
Package: kvoptions 2010/12/23 v3.10 Keyval support for LaTeX options (HO)

(C:\CTEX\MiKTeX\tex\generic\oberdiek\kvsetkeys.sty
Package: kvsetkeys 2011/04/07 v1.13 Key value parser (HO)

(C:\CTEX\MiKTeX\tex\generic\oberdiek\etexcmds.sty
Package: etexcmds 2011/02/16 v1.5 Prefix for e-TeX command names (HO)

(C:\CTEX\MiKTeX\tex\generic\oberdiek\ifluatex.sty
Package: ifluatex 2010/03/01 v1.3 Provides the ifluatex switch (HO)
Package ifluatex Info: LuaTeX not detected.
)
Package etexcmds Info: Could not find \expanded.
(etexcmds)             That can mean that you are not using pdfTeX 1.50 or
(etexcmds)             that some package has redefined \expanded.
(etexcmds)             In the latter case, load this package earlier.
)))
(C:\CTEX\MiKTeX\tex\generic\oberdiek\pdftexcmds.sty
Package: pdftexcmds 2011/04/22 v0.16 Utilities of pdfTeX for LuaTeX (HO)

(C:\CTEX\MiKTeX\tex\generic\oberdiek\ifpdf.sty
Package: ifpdf 2011/01/30 v2.3 Provides the ifpdf switch (HO)
Package ifpdf Info: pdfTeX in PDF mode is not detected.
)
Package pdftexcmds Info: LuaTeX not detected.
Package pdftexcmds Info: \pdf@primitive is available.
Package pdftexcmds Info: \pdf@ifprimitive is available.
Package pdftexcmds Info: \pdfdraftmode is ignored in DVI mode.
)

Package epstopdf Warning: Drivers other than `pdftex.def' are not supported.

)) (C:\CTEX\UserData\tex\latex\subfigure\subfigure.sty
Package: subfigure 2002/07/30 v2.1.4 subfigure package
\subfigtopskip=\skip59
\subfigcapskip=\skip60
\subfigcaptopadj=\dimen115
\subfigbottomskip=\skip61
\subfigcapmargin=\dimen116
\subfiglabelskip=\skip62
\c@subfigure=\count107
\c@lofdepth=\count108
\c@subtable=\count109
\c@lotdepth=\count110

****************************************
* Local config file subfigure.cfg used *
****************************************
(C:\CTEX\UserData\tex\latex\subfigure\subfigure.cfg)
\subfig@top=\skip63
\subfig@bottom=\skip64
)
(C:\CTEX\MiKTeX\tex\latex\graphics\color.sty
Package: color 2005/11/14 v1.0j Standard LaTeX Color (DPC)

(C:\CTEX\MiKTeX\tex\latex\00miktex\color.cfg
File: color.cfg 2007/01/18 v1.5 color configuration of teTeX/TeXLive
)
Package color Info: Driver file: dvips.def on input line 130.

(C:\CTEX\MiKTeX\tex\latex\graphics\dvipsnam.def
File: dvipsnam.def 1999/02/16 v3.0i Driver-dependant file (DPC,SPQR)
))
(C:\Users\lqian\Documents\work\writing\CVD\revise\revise_20150816\ms_noted.aux)
LaTeX Font Info:    Checking defaults for OML/cmm/m/it on input line 57.
LaTeX Font Info:    ... okay on input line 57.
LaTeX Font Info:    Checking defaults for T1/cmr/m/n on input line 57.
LaTeX Font Info:    ... okay on input line 57.
LaTeX Font Info:    Checking defaults for OT1/cmr/m/n on input line 57.
LaTeX Font Info:    ... okay on input line 57.
LaTeX Font Info:    Checking defaults for OMS/cmsy/m/n on input line 57.
LaTeX Font Info:    ... okay on input line 57.
LaTeX Font Info:    Checking defaults for OMX/cmex/m/n on input line 57.
LaTeX Font Info:    ... okay on input line 57.
LaTeX Font Info:    Checking defaults for U/cmr/m/n on input line 57.
LaTeX Font Info:    ... okay on input line 57.
Class revtex4 Info: Patching LaTeX tabular. on input line 57.
Class revtex4 Info: Patching unrecognized longtable package. (Proceeding with f
ingers crossed) on input line 57.
Class revtex4 Info: cite was not loaded (OK!) on input line 57.
Class revtex4 Info: multicol was not loaded (OK!) on input line 57.
LaTeX Font Info:    Try loading font information for U+lasy on input line 77.
(C:\CTEX\MiKTeX\tex\latex\base\ulasy.fd
File: ulasy.fd 1998/08/17 v2.2e LaTeX symbol font definitions
)
LaTeX Font Info:    Try loading font information for U+msa on input line 77.

(C:\CTEX\MiKTeX\tex\latex\amsfonts\umsa.fd
File: umsa.fd 2009/06/22 v3.00 AMS symbols A
)
LaTeX Font Info:    Try loading font information for U+msb on input line 77.

(C:\CTEX\MiKTeX\tex\latex\amsfonts\umsb.fd
File: umsb.fd 2009/06/22 v3.00 AMS symbols B
)
Underfull \hbox (badness 2837) in paragraph at lines 83--83
| $[]$| \OT1/cmr/m/n/8 De-part-men-t of As-tron-o-my, U-ni-ver-si-ty of Mas-sac
husetts,
 []

[1]
LaTeX Font Info:    Try loading font information for OMS+cmr on input line 97.
 (C:\CTEX\MiKTeX\tex\latex\base\omscmr.fd
File: omscmr.fd 1999/05/25 v2.5h Standard LaTeX font definitions
)
LaTeX Font Info:    Font shape `OMS/cmr/m/n' in size <10> not available
(Font)              Font shape `OMS/cmsy/m/n' tried instead on input line 97.
File: vdis_all_all.eps Graphic file (type eps)
 <vdis_all_all.eps> [2]
File: power_sim.eps Graphic file (type eps)

<power_sim.eps>
Overfull \hbox (2.43788pt too wide) in paragraph at lines 189--189
[][]| [] []\OT1/cmr/m/n/8 http://www.ita.uni-heidelberg.de/ dullemond/software/
radmc-
 []

[3]

Package longtable Warning: Column widths have changed
(longtable)                in table 1 on input line 214.


Package longtable Warning: Column widths have changed
(longtable)                in table 2 on input line 238.

File: histvelocity_all.eps Graphic file (type eps)
<histvelocity_all.eps>
File: tau_velocityra.eps Graphic file (type eps)
 <tau_velocityra.eps>
File: tau_vdis_all_gt6.eps Graphic file (type eps)
 <tau_vdis_all_gt6.eps>
File: tau_vdis_all_lt6.eps Graphic file (type eps)

<tau_vdis_all_lt6.eps>
Overfull \hbox (30.86398pt too wide) in paragraph at lines 281--283
[][][] 
 []


Overfull \hbox (30.86398pt too wide) in paragraph at lines 281--283
[] 
 []

File: pera_oph_velocityra.eps Graphic file (type eps)
<pera_oph_velocityra.eps>
File: pera_vdis_all_all.eps Graphic file (type eps)
 <pera_vdis_all_all.eps>
Overfull \hbox (30.86398pt too wide) in paragraph at lines 310--311
[][][] 
 []

File: oph_vdis_all_all.eps Graphic file (type eps)
<oph_vdis_all_all.eps>
Overfull \hbox (30.86398pt too wide) in paragraph at lines 320--321
[][][] 
 []

[4]
File: fft_simu_plot_core128.eps Graphic file (type eps)
 <fft_simu_plot_core128.eps>
File: beta_gamma128.eps Graphic file (type eps)
 <beta_gamma128.eps>
Underfull \hbox (badness 10000) in paragraph at lines 342--343
[][][]
 []


Package longtable Warning: Column widths have changed
(longtable)                in table 3 on input line 370.

[5]
File: fft_simu_plot_core4.eps Graphic file (type eps)
 <fft_simu_plot_core4.eps>
File: beta_gamma4.eps Graphic file (type eps)
 <beta_gamma4.eps>
Underfull \hbox (badness 10000) in paragraph at lines 378--379
[][][]
 []

File: vdisfft_errorbar2_all.eps Graphic file (type eps)
<vdisfft_errorbar2_all.eps>
Overfull \hbox (30.86398pt too wide) in paragraph at lines 385--386
[][][] 
 []


Underfull \hbox (badness 10000) in paragraph at lines 390--402
[][]\OT1/cmr/bx/n/10 We s-tud-ied the CVD-$\OML/cmm/m/it/10 L[]$ \OT1/cmr/bx/n/
10 re-la-tion of
 []


Underfull \hbox (badness 10000) in paragraph at lines 390--402
\OT1/cmr/bx/n/10 the frac-tion-al Brow-n-i-an mo-tion mod-
 []


Underfull \hbox (badness 10000) in paragraph at lines 390--402
\OT1/cmr/bx/n/10 el field-s of d-if-fer-en-t rel-a-tive thick-ness-es
 []


Underfull \hbox (badness 1142) in paragraph at lines 390--402
\OT1/cmr/m/n/10 pc, their thick-ness/transverse ex-ten-t ra-tio must be
 []

[6]

LaTeX Warning: A float is stuck (cannot be placed) on input line 404.


LaTeX Warning: A float is stuck (cannot be placed) on input line 404.


Class revtex4 Warning: Deferred float stuck during \clearpage processing.

[7]

LaTeX Warning: A float is stuck (cannot be placed) on input line 428.


LaTeX Warning: A float is stuck (cannot be placed) on input line 428.


Class revtex4 Warning: Deferred float stuck during \clearpage processing.

[8]

LaTeX Warning: A float is stuck (cannot be placed) on input line 439.


LaTeX Warning: A float is stuck (cannot be placed) on input line 439.


Class revtex4 Warning: Deferred float stuck during \clearpage processing.

[9]
File: beta_gamma_all.eps Graphic file (type eps)
 <beta_gamma_all.eps>
File: width_L.eps Graphic file (type eps)
 <width_L.eps>
File: pera_width_L.eps Graphic file (type eps)
 <pera_width_L.eps>
File: oph_width_L.eps Graphic file (type eps)
 <oph_width_L.eps>
File: cvd_all.eps Graphic file (type eps)

<cvd_all.eps>
Underfull \hbox (badness 10000) in paragraph at lines 683--687

 []


Package longtable Warning: Table widths have changed. Rerun LaTeX.

[10] [11] [12] [13] [14]
(C:\Users\lqian\Documents\work\writing\CVD\revise\revise_20150816\ms_noted.aux)
 ) 
Here is how much of TeX's memory you used:
 4107 strings out of 495355
 53840 string characters out of 3183883
 145986 words of memory out of 3000000
 7186 multiletter control sequences out of 15000+200000
 13484 words of font info for 55 fonts, out of 3000000 for 9000
 14 hyphenation exceptions out of 8191
 42i,11n,27p,1732b,445s stack positions out of 5000i,500n,10000p,200000b,50000s

Output written on ms_noted.dvi (14 pages, 88848 bytes).
